trtcvoiceroomdemo/build/intermediates/manifest_merge_blame_file/debug/manifest-merger-blame-debug-report.txt
1<?xml version="1.0" encoding="utf-8"?>
2<manifest xmlns:android="http://schemas.android.com/apk/res/android"
3    package="com.tencent.liteav.trtcvoiceroom"
4    android:versionCode="1"
5    android:versionName="1.0" >
6
7    <uses-sdk
8        android:minSdkVersion="16"
8-->src\main\AndroidManifest.xml
9        android:targetSdkVersion="26" />
9-->src\main\AndroidManifest.xml
10
11    <uses-permission android:name="android.permission.ACCESS_NETWORK_STATE" />
11-->src\main\AndroidManifest.xml:5:5-79
11-->src\main\AndroidManifest.xml:5:22-76
12
13    <application>
13-->src\main\AndroidManifest.xml:7:5-32:19
14        <activity
14-->src\main\AndroidManifest.xml:8:9-13:52
15            android:name="com.tencent.liteav.trtcvoiceroom.ui.room.VoiceRoomAnchorActivity"
15-->src\main\AndroidManifest.xml:9:13-60
16            android:configChanges="orientation|keyboardHidden"
16-->src\main\AndroidManifest.xml:10:13-63
17            android:launchMode="singleTop"
17-->src\main\AndroidManifest.xml:11:13-43
18            android:screenOrientation="portrait"
18-->src\main\AndroidManifest.xml:13:13-49
19            android:theme="@style/ChatTheme" />
19-->src\main\AndroidManifest.xml:12:13-45
20        <activity
20-->src\main\AndroidManifest.xml:14:9-20:52
21            android:name="com.tencent.liteav.trtcvoiceroom.ui.room.VoiceRoomAudienceActivity"
21-->src\main\AndroidManifest.xml:15:13-62
22            android:configChanges="orientation|keyboardHidden"
22-->src\main\AndroidManifest.xml:16:13-63
23            android:launchMode="singleTop"
23-->src\main\AndroidManifest.xml:18:13-43
24            android:screenOrientation="portrait"
24-->src\main\AndroidManifest.xml:20:13-49
25            android:theme="@style/ChatTheme" />
25-->src\main\AndroidManifest.xml:19:13-45
26        <activity
26-->src\main\AndroidManifest.xml:21:9-26:52
27            android:name="com.tencent.liteav.trtcvoiceroom.ui.list.VoiceRoomListActivity"
27-->src\main\AndroidManifest.xml:22:13-58
28            android:configChanges="orientation|keyboardHidden"
28-->src\main\AndroidManifest.xml:23:13-63
29            android:launchMode="singleTask"
29-->src\main\AndroidManifest.xml:24:13-44
30            android:screenOrientation="portrait"
30-->src\main\AndroidManifest.xml:26:13-49
31            android:theme="@style/ChatTheme" />
31-->src\main\AndroidManifest.xml:25:13-45
32        <activity
32-->src\main\AndroidManifest.xml:27:9-31:52
33            android:name="com.tencent.liteav.trtcvoiceroom.ui.list.VoiceRoomCreateActivity"
33-->src\main\AndroidManifest.xml:27:19-66
34            android:configChanges="orientation|keyboardHidden"
34-->src\main\AndroidManifest.xml:28:13-63
35            android:launchMode="singleTop"
35-->src\main\AndroidManifest.xml:29:13-43
36            android:screenOrientation="portrait"
36-->src\main\AndroidManifest.xml:31:13-49
37            android:theme="@style/ChatTheme" />
37-->src\main\AndroidManifest.xml:30:13-45
38    </application>
39
40</manifest>